
=== Mon Mar  9 15:39:45 2020

Packages were changed.
Update Mode: mergeDefaultDependencies

The following packages were updated:
  com.unity.analytics from version 3.2.2 to 3.3.2
  com.unity.collab-proxy from version 1.2.9 to 1.2.16
  com.unity.package-manager-ui from version 2.1.1 to 2.1.2
  com.unity.purchasing from version 2.0.1 to 2.0.6
  com.unity.textmeshpro from version 1.3.0 to 2.0.1
  com.unity.timeline from version 0.0.0-builtin to 1.0.0

=== Thu Mar 12 18:52:25 2020

Packages were changed.
Update Mode: updateDependencies

The following packages were added:
  com.unity.2d.sprite@1.0.0
  com.unity.2d.tilemap@1.0.0
  com.unity.ide.rider@1.1.4
  com.unity.ide.vscode@1.1.4
  com.unity.modules.androidjni@1.0.0
  com.unity.test-framework@1.1.11
  com.unity.ugui@1.0.0
The following packages were updated:
  com.unity.analytics from version 3.3.2 to 3.3.5
  com.unity.timeline from version 1.0.0 to 1.2.6
The following packages were removed:
  com.unity.package-manager-ui@2.1.2

=== Tue Aug 18 17:57:38 2020

Packages were changed.
Update Mode: updateDependencies

The following packages were 추가됨:
  com.unity.ide.visualstudio@2.0.2
The following packages were 업데이트됨:
  com.unity.ads 2.0.8 버전에서 3.4.7버전으로  com.unity.collab-proxy 1.2.16 버전에서 1.3.8버전으로  com.unity.ide.rider 1.1.4 버전에서 1.2.1버전으로  com.unity.ide.vscode 1.1.4 버전에서 1.2.1버전으로  com.unity.test-framework 1.1.11 버전에서 1.1.14버전으로  com.unity.textmeshpro 2.0.1 버전에서 3.0.1버전으로